[21:42:23] [main/INFO]: Loading Minecraft 1.21 with Fabric Loader 0.16.3
[21:42:24] [main/INFO]: Loading 4 mods:
	- fabricloader 0.16.3
	   \-- mixinextras 0.4.1
	- java 21
	- minecraft 1.21
[21:42:24] [main/INFO]: SpongePowered MIXIN Subsystem Version=0.8.7 Source=file:/workspaces/serv/servidor_minecraft/libraries/net/fabricmc/sponge-mixin/0.15.2+mixin.0.8.7/sponge-mixin-0.15.2+mixin.0.8.7.jar Service=Knot/Fabric Env=SERVER
[21:42:29] [main/INFO]: Environment: Environment[sessionHost=https://sessionserver.mojang.com, servicesHost=https://api.minecraftservices.com, name=PROD]
[21:42:31] [main/INFO]: Loaded 1290 recipes
[21:42:31] [main/INFO]: Loaded 1399 advancements
[21:42:31] [Server thread/INFO]: Starting minecraft server version 1.21
[21:42:31] [Server thread/INFO]: Loading properties
[21:42:31] [Server thread/INFO]: Default game type: SURVIVAL
[21:42:31] [Server thread/INFO]: Generating keypair
[21:42:32] [Server thread/INFO]: Starting Minecraft server on *:25565
[21:42:32] [Server thread/INFO]: Using epoll channel type
[21:42:32] [Server thread/WARN]: **** SERVER IS RUNNING IN OFFLINE/INSECURE MODE!
[21:42:32] [Server thread/WARN]: The server will make no attempt to authenticate usernames. Beware.
[21:42:32] [Server thread/WARN]: While this makes the game possible to play without internet access, it also opens up the ability for hackers to connect with any username they choose.
[21:42:32] [Server thread/WARN]: To change this, set "online-mode" to "true" in the server.properties file.
[21:42:32] [Server thread/INFO]: Preparing level "world"
[21:42:34] [Server thread/INFO]: Preparing start region for dimension minecraft:overworld
[21:42:35] [Worker-Main-3/INFO]: Preparing spawn area: 0%
[21:42:35] [Server thread/INFO]: Time elapsed: 437 ms
[21:42:35] [Server thread/INFO]: Done (3.112s)! For help, type "help"
[21:42:44] [Server thread/INFO]: Franceskko[/100.96.204.97:54792] logged in with entity id 1 at (86.98725647571065, 76.0, -426.87456168276293)
[21:42:44] [Server thread/INFO]: Franceskko joined the game
[21:43:02] [Server thread/INFO]: Franceskko lost connection: Disconnected
[21:43:02] [Server thread/INFO]: Franceskko left the game
[21:43:11] [Server thread/INFO]: Franceskko[/100.96.204.97:54794] logged in with entity id 256 at (86.98725647571065, 76.0, -426.87456168276293)
[21:43:11] [Server thread/INFO]: Franceskko joined the game
[21:43:49] [Server thread/WARN]: Franceskko moved too quickly! -9.889850137350075,0.0,-4.426415993148453
[21:43:52] [Server thread/WARN]: Franceskko moved too quickly! 9.565324997335095,0.0,-4.058301429981839
[21:43:55] [Server thread/WARN]: Franceskko moved too quickly! 8.825285128098475,0.0,-4.754012308615813
[21:45:01] [Server thread/INFO]: Franceskko was killed
[21:45:01] [Server thread/INFO]: [Franceskko: Killed Franceskko]
[21:45:46] [Server thread/INFO]: [Franceskko: Teleported Franceskko to Franceskko]
[21:46:42] [Server thread/INFO]: Franceskko lost connection: Disconnected
[21:46:42] [Server thread/INFO]: Franceskko left the game
[21:47:34] [Server thread/INFO]: Franceskko[/100.96.204.97:54812] logged in with entity id 1853 at (252.82784850658047, 63.0, -258.69999998807907)
[21:47:34] [Server thread/INFO]: Franceskko joined the game
[21:52:33] [Server thread/INFO]: Franceskko has made the advancement [Monster Hunter]
[21:55:04] [Server thread/INFO]: Franceskko lost connection: Timed out
[21:55:04] [Server thread/INFO]: Franceskko left the game
[21:55:04] [Server thread/WARN]: handleDisconnection() called twice
[21:56:02] [Server thread/INFO]: Franceskko[/100.96.204.97:54917] logged in with entity id 2709 at (274.0706644671764, 70.0, -321.0478199003094)
[21:56:02] [Server thread/INFO]: Franceskko joined the game
[21:57:55] [Server thread/INFO]: KaraVit[/100.109.49.4:53141] logged in with entity id 3056 at (234.5, 63.0, -186.5)
[21:57:55] [Server thread/INFO]: KaraVit joined the game
[21:58:01] [Server thread/WARN]: Mismatch in destroy block pos: class_2338{x=0, y=0, z=0} class_2338{x=237, y=65, z=-184}
[21:58:01] [Server thread/WARN]: Mismatch in destroy block pos: class_2338{x=0, y=0, z=0} class_2338{x=237, y=64, z=-184}
[21:58:03] [Server thread/INFO]: [Not Secure] <Franceskko> efota
[21:58:06] [Server thread/WARN]: Mismatch in destroy block pos: class_2338{x=0, y=0, z=0} class_2338{x=237, y=65, z=-184}
[21:58:07] [Server thread/WARN]: Mismatch in destroy block pos: class_2338{x=0, y=0, z=0} class_2338{x=237, y=65, z=-184}
[21:58:09] [Server thread/INFO]: [Franceskko: Teleported Franceskko to KaraVit]
[21:58:11] [Server thread/WARN]: Mismatch in destroy block pos: class_2338{x=0, y=0, z=0} class_2338{x=237, y=65, z=-184}
[21:58:13] [Server thread/INFO]: [Not Secure] <KaraVit> cheto
[21:58:15] [Server thread/INFO]: [Not Secure] <KaraVit> tiene lag o wats
[21:58:21] [Server thread/INFO]: [Not Secure] <KaraVit> no puedo romper
[21:58:28] [Server thread/INFO]: [Not Secure] <Franceskko> god
[21:58:38] [Server thread/WARN]: Mismatch in destroy block pos: class_2338{x=0, y=0, z=0} class_2338{x=238, y=65, z=-184}
[21:58:38] [Server thread/WARN]: Mismatch in destroy block pos: class_2338{x=0, y=0, z=0} class_2338{x=239, y=64, z=-184}
[21:58:41] [Server thread/WARN]: Mismatch in destroy block pos: class_2338{x=0, y=0, z=0} class_2338{x=240, y=65, z=-183}
[21:58:47] [Server thread/INFO]: [Not Secure] <KaraVit> a ver vos en supervivencai si te deja
[21:58:56] [Server thread/INFO]: [Franceskko: Set own game mode to Survival Mode]
[21:59:01] [Server thread/WARN]: Mismatch in destroy block pos: class_2338{x=0, y=0, z=0} class_2338{x=238, y=64, z=-183}
[21:59:01] [Server thread/WARN]: Mismatch in destroy block pos: class_2338{x=0, y=0, z=0} class_2338{x=237, y=64, z=-183}
[21:59:03] [Server thread/WARN]: Mismatch in destroy block pos: class_2338{x=0, y=0, z=0} class_2338{x=238, y=64, z=-183}
[21:59:04] [Server thread/WARN]: Mismatch in destroy block pos: class_2338{x=0, y=0, z=0} class_2338{x=238, y=64, z=-184}
[21:59:04] [Server thread/WARN]: Mismatch in destroy block pos: class_2338{x=0, y=0, z=0} class_2338{x=239, y=65, z=-184}
[21:59:05] [Server thread/INFO]: [Not Secure] <Franceskko> god
[21:59:07] [Server thread/INFO]: [Not Secure] <KaraVit> cambiame los modos de juego
[21:59:13] [Server thread/INFO]: [Not Secure] <KaraVit> o dame op
[21:59:14] [Server thread/WARN]: Mismatch in destroy block pos: class_2338{x=0, y=0, z=0} class_2338{x=240, y=65, z=-183}
[21:59:14] [Server thread/WARN]: Mismatch in destroy block pos: class_2338{x=0, y=0, z=0} class_2338{x=239, y=65, z=-182}
[21:59:14] [Server thread/WARN]: Mismatch in destroy block pos: class_2338{x=0, y=0, z=0} class_2338{x=240, y=65, z=-182}
[21:59:14] [Server thread/WARN]: Mismatch in destroy block pos: class_2338{x=0, y=0, z=0} class_2338{x=239, y=65, z=-182}
[21:59:14] [Server thread/WARN]: Mismatch in destroy block pos: class_2338{x=0, y=0, z=0} class_2338{x=239, y=65, z=-181}
[21:59:14] [Server thread/WARN]: Mismatch in destroy block pos: class_2338{x=0, y=0, z=0} class_2338{x=239, y=65, z=-180}
[21:59:15] [Server thread/WARN]: Mismatch in destroy block pos: class_2338{x=0, y=0, z=0} class_2338{x=238, y=65, z=-180}
[21:59:16] [Server thread/WARN]: Mismatch in destroy block pos: class_2338{x=0, y=0, z=0} class_2338{x=236, y=66, z=-180}
[21:59:16] [Server thread/WARN]: Mismatch in destroy block pos: class_2338{x=0, y=0, z=0} class_2338{x=237, y=66, z=-180}
[21:59:19] [Server thread/WARN]: Mismatch in destroy block pos: class_2338{x=0, y=0, z=0} class_2338{x=236, y=66, z=-179}
[21:59:20] [Server thread/WARN]: Mismatch in destroy block pos: class_2338{x=0, y=0, z=0} class_2338{x=236, y=66, z=-180}
[21:59:23] [Server thread/WARN]: Mismatch in destroy block pos: class_2338{x=0, y=0, z=0} class_2338{x=231, y=67, z=-179}
[21:59:24] [Server thread/WARN]: Mismatch in destroy block pos: class_2338{x=0, y=0, z=0} class_2338{x=232, y=67, z=-180}
[21:59:25] [Server thread/WARN]: Mismatch in destroy block pos: class_2338{x=0, y=0, z=0} class_2338{x=233, y=67, z=-180}
[21:59:31] [Server thread/WARN]: Mismatch in destroy block pos: class_2338{x=0, y=0, z=0} class_2338{x=234, y=67, z=-180}
[21:59:33] [Server thread/INFO]: [Franceskko: Made KaraVit a server operator]
[21:59:37] [Server thread/INFO]: [KaraVit: Set own game mode to Creative Mode]
[21:59:42] [Server thread/INFO]: [KaraVit: Set own game mode to Survival Mode]
[21:59:46] [Server thread/INFO]: [Not Secure] <KaraVit> ia
[21:59:51] [Server thread/INFO]: [Not Secure] <KaraVit> bueno si le pasa a titi es darle craetivo y ya
[21:59:54] [Server thread/INFO]: [Not Secure] <KaraVit> a ver si me salog
[21:59:54] [Server thread/INFO]: KaraVit lost connection: Disconnected
[21:59:54] [Server thread/INFO]: KaraVit left the game
[21:59:57] [Server thread/INFO]: KaraVit[/100.109.49.4:53169] logged in with entity id 3437 at (235.46376154547048, 67.46634750372172, -182.17504872898323)
[21:59:57] [Server thread/INFO]: KaraVit joined the game
[22:00:05] [Server thread/INFO]: [Not Secure] <KaraVit> uff
[22:00:07] [Server thread/INFO]: [Not Secure] <KaraVit> va bien
[22:00:27] [Server thread/INFO]: [Not Secure] <Franceskko> efota
[22:00:31] [Server thread/INFO]: [Not Secure] <KaraVit> efe
[22:00:33] [Server thread/INFO]: [Not Secure] <KaraVit> 70°
[22:00:38] [Server thread/INFO]: [Not Secure] <Franceskko> ¿¿
[22:01:02] [Server thread/INFO]: [Not Secure] <Franceskko> qlok
[22:01:08] [Server thread/INFO]: [Not Secure] <KaraVit> Klok
[22:01:16] [Server thread/INFO]: [Not Secure] <Franceskko> q mods entonces
[22:01:23] [Server thread/INFO]: [Not Secure] <KaraVit> e
[22:01:25] [Server thread/INFO]: [Not Secure] <KaraVit> esta las dungeons no?
[22:01:28] [Server thread/INFO]: [Not Secure] <KaraVit> las oficila
[22:01:30] [Server thread/INFO]: [Not Secure] <KaraVit> oficial
[22:01:35] [Server thread/INFO]: [Not Secure] <Franceskko> no se
[22:01:40] [Server thread/INFO]: [Not Secure] <Franceskko> no es en esta version
[22:01:45] [Server thread/INFO]: [KaraVit: Set own game mode to Creative Mode]
[22:01:53] [Server thread/INFO]: [Franceskko: Set own game mode to Creative Mode]
[22:02:01] [Server thread/INFO]: [Not Secure] <Franceskko> efe
[22:02:05] [Server thread/INFO]: [Not Secure] <KaraVit> si es
[22:02:07] [Server thread/INFO]: [Not Secure] <KaraVit> gof
[22:02:27] [Server thread/INFO]: [Not Secure] <Franceskko> sera que a santi le anda
[22:02:32] [Server thread/INFO]: [Not Secure] <KaraVit> Se
[22:02:35] [Server thread/INFO]: [Not Secure] <KaraVit> Pruebo en mi notebook sino
